     0|20181021_120905.731|INFO|task_mgr.load_or_init.bgn|
     0|20181021_120906.650|INFO|task_mgr.reload.bgn|
     0|20181022_121849.189|INFO|task_mgr.load_or_init.bgn|
     0|20181022_121849.369|INFO|task_mgr.reload.bgn|
     0|20181022_122500.391|INFO|task_mgr.reload.bgn|
     0|20181022_123707.565|INFO|task_mgr.transfer.bgn|task_uid=474|src=todo|trg=work|
     0|20181022_123726.794|INFO|task_mgr.transfer.bgn|task_uid=532|src=todo|trg=work|
     0|20181022_123743.341|INFO|xobc_cmd task bgn|task_id=474|step_id=4423|cmd_id=0|
     0|20181022_124059.948|INFO|xobc_cmd task download|task_id=474|step_id=4423|trg_url=d:/des/xowa_x/wiki\www.wikidata.org\tmp\bldr\Xowa_wikidatawiki_2017-06_text_ns.004.zip\download.zip|trg_len=100980503|
     0|20181022_124059.948|INFO|xobc_cmd task end|task_id=474|step_id=4423|cmd_id=0|
     0|20181022_124100.304|INFO|xobc_cmd task end|task_id=474|step_id=4423|cmd_id=1|
     0|20181022_124102.264|INFO|xobc_cmd task end|task_id=474|step_id=4423|cmd_id=2|
     0|20181022_124102.274|INFO|xobc_cmd task end|task_id=474|step_id=4423|cmd_id=3|
     0|20181022_124102.290|INFO|xobc_cmd task end|task_id=474|step_id=4423|cmd_id=4|
     0|20181022_124104.131|INFO|xobc_cmd task download|task_id=474|step_id=4424|trg_url=d:/des/xowa_x/wiki\www.wikidata.org\tmp\bldr\Xowa_wikidatawiki_2017-06_text_ns.008.zip\download.zip|trg_len=626237|
     0|20181022_124104.131|INFO|xobc_cmd task end|task_id=474|step_id=4424|cmd_id=0|
     0|20181022_124104.147|INFO|xobc_cmd task end|task_id=474|step_id=4424|cmd_id=1|
     0|20181022_124104.194|INFO|xobc_cmd task end|task_id=474|step_id=4424|cmd_id=2|
     0|20181022_124104.239|INFO|xobc_cmd task bgn|task_id=474|step_id=4424|cmd_id=4|
     0|20181022_124104.240|INFO|xobc_cmd task end|task_id=474|step_id=4424|cmd_id=4|
     0|20181022_131425.614|INFO|xobc_cmd task download|task_id=474|step_id=4425|trg_url=d:/des/xowa_x/wiki\www.wikidata.org\tmp\bldr\Xowa_wikidatawiki_2017-06_text_ns.000.zip\download.zip|trg_len=1590036962|
     0|20181022_131425.614|INFO|xobc_cmd task end|task_id=474|step_id=4425|cmd_id=0|
     0|20181022_131430.420|INFO|xobc_cmd task end|task_id=474|step_id=4425|cmd_id=1|
     0|20181022_131504.580|INFO|xobc_cmd task end|task_id=474|step_id=4425|cmd_id=2|
     0|20181022_131504.605|INFO|xobc_cmd task bgn|task_id=474|step_id=4425|cmd_id=4|
     0|20181022_131504.607|INFO|xobc_cmd task end|task_id=474|step_id=4425|cmd_id=4|
     0|20181022_131509.718|INFO|xobc_cmd task download|task_id=474|step_id=4426|trg_url=d:/des/xowa_x/wiki\www.wikidata.org\tmp\bldr\Xowa_wikidatawiki_2017-06_text_ns.012.zip\download.zip|trg_len=3979294|
     0|20181022_131509.718|INFO|xobc_cmd task end|task_id=474|step_id=4426|cmd_id=0|
     0|20181022_131509.743|INFO|xobc_cmd task end|task_id=474|step_id=4426|cmd_id=1|
     0|20181022_131509.838|INFO|xobc_cmd task end|task_id=474|step_id=4426|cmd_id=2|
     0|20181022_131509.858|INFO|xobc_cmd task bgn|task_id=474|step_id=4426|cmd_id=4|
     0|20181022_131509.860|INFO|xobc_cmd task end|task_id=474|step_id=4426|cmd_id=4|
     0|20181022_131513.631|INFO|xobc_cmd task download|task_id=474|step_id=4427|trg_url=d:/des/xowa_x/wiki\www.wikidata.org\tmp\bldr\Xowa_wikidatawiki_2017-06_text_ns.010.zip\download.zip|trg_len=2568122|
     0|20181022_131513.631|INFO|xobc_cmd task end|task_id=474|step_id=4427|cmd_id=0|
     0|20181022_131513.659|INFO|xobc_cmd task end|task_id=474|step_id=4427|cmd_id=1|
     0|20181022_131513.726|INFO|xobc_cmd task end|task_id=474|step_id=4427|cmd_id=2|
     0|20181022_131513.746|INFO|xobc_cmd task bgn|task_id=474|step_id=4427|cmd_id=4|
     0|20181022_131513.748|INFO|xobc_cmd task end|task_id=474|step_id=4427|cmd_id=4|
     0|20181022_131515.234|INFO|xobc_cmd task download|task_id=474|step_id=4428|trg_url=d:/des/xowa_x/wiki\www.wikidata.org\tmp\bldr\Xowa_wikidatawiki_2017-06_text_ns.014.zip\download.zip|trg_len=321334|
     0|20181022_131515.234|INFO|xobc_cmd task end|task_id=474|step_id=4428|cmd_id=0|
     0|20181022_131515.248|INFO|xobc_cmd task end|task_id=474|step_id=4428|cmd_id=1|
     0|20181022_131515.276|INFO|xobc_cmd task end|task_id=474|step_id=4428|cmd_id=2|
     0|20181022_131515.301|INFO|xobc_cmd task bgn|task_id=474|step_id=4428|cmd_id=4|
     0|20181022_131515.302|INFO|xobc_cmd task end|task_id=474|step_id=4428|cmd_id=4|
     0|20181022_131534.517|INFO|xobc_cmd task download|task_id=474|step_id=4429|trg_url=d:/des/xowa_x/wiki\www.wikidata.org\tmp\bldr\Xowa_wikidatawiki_2017-06_text_ns.1198.zip\download.zip|trg_len=13292125|
     0|20181022_131534.517|INFO|xobc_cmd task end|task_id=474|step_id=4429|cmd_id=0|
     0|20181022_131534.569|INFO|xobc_cmd task end|task_id=474|step_id=4429|cmd_id=1|
     0|20181022_131534.883|INFO|xobc_cmd task end|task_id=474|step_id=4429|cmd_id=2|
     0|20181022_131534.901|INFO|xobc_cmd task bgn|task_id=474|step_id=4429|cmd_id=4|
     0|20181022_131534.902|INFO|xobc_cmd task end|task_id=474|step_id=4429|cmd_id=4|
     0|20181022_135905.956|INFO|xobc_cmd task download|task_id=474|step_id=4430|trg_url=d:/des/xowa_x/wiki\www.wikidata.org\tmp\bldr\Xowa_wikidatawiki_2017-06_text_ns.000_db.002.zip\download.zip|trg_len=1593998999|
     0|20181022_135905.956|INFO|xobc_cmd task end|task_id=474|step_id=4430|cmd_id=0|
     0|20181022_135910.754|INFO|xobc_cmd task end|task_id=474|step_id=4430|cmd_id=1|
     0|20181022_135945.833|INFO|xobc_cmd task end|task_id=474|step_id=4430|cmd_id=2|
     0|20181022_135945.857|INFO|xobc_cmd task bgn|task_id=474|step_id=4430|cmd_id=4|
     0|20181022_135945.858|INFO|xobc_cmd task end|task_id=474|step_id=4430|cmd_id=4|
     0|20181022_144112.562|INFO|xobc_cmd task download|task_id=474|step_id=4431|trg_url=d:/des/xowa_x/wiki\www.wikidata.org\tmp\bldr\Xowa_wikidatawiki_2017-06_text_ns.000_db.003.zip\download.zip|trg_len=1592843648|
     0|20181022_144112.563|INFO|xobc_cmd task end|task_id=474|step_id=4431|cmd_id=0|
     0|20181022_144117.362|INFO|xobc_cmd task end|task_id=474|step_id=4431|cmd_id=1|
     0|20181022_144153.083|INFO|xobc_cmd task end|task_id=474|step_id=4431|cmd_id=2|
     0|20181022_144153.108|INFO|xobc_cmd task bgn|task_id=474|step_id=4431|cmd_id=4|
     0|20181022_144153.110|INFO|xobc_cmd task end|task_id=474|step_id=4431|cmd_id=4|
     0|20181022_160406.477|INFO|xobc_cmd task download|task_id=474|step_id=4432|trg_url=d:/des/xowa_x/wiki\www.wikidata.org\tmp\bldr\Xowa_wikidatawiki_2017-06_text_ns.000_db.004.zip\download.zip|trg_len=1595267172|
     0|20181022_160406.477|INFO|xobc_cmd task end|task_id=474|step_id=4432|cmd_id=0|
     0|20181022_160411.285|INFO|xobc_cmd task end|task_id=474|step_id=4432|cmd_id=1|
     0|20181022_160446.485|INFO|xobc_cmd task end|task_id=474|step_id=4432|cmd_id=2|
     0|20181022_160446.510|INFO|xobc_cmd task bgn|task_id=474|step_id=4432|cmd_id=4|
     0|20181022_160446.511|INFO|xobc_cmd task end|task_id=474|step_id=4432|cmd_id=4|
     0|20181022_171103.006|INFO|xobc_cmd task download|task_id=474|step_id=4433|trg_url=d:/des/xowa_x/wiki\www.wikidata.org\tmp\bldr\Xowa_wikidatawiki_2017-06_text_ns.000_db.005.zip\download.zip|trg_len=1590815103|
     0|20181022_171103.006|INFO|xobc_cmd task end|task_id=474|step_id=4433|cmd_id=0|
     0|20181022_171107.821|INFO|xobc_cmd task end|task_id=474|step_id=4433|cmd_id=1|
     0|20181022_171143.432|INFO|xobc_cmd task end|task_id=474|step_id=4433|cmd_id=2|
     0|20181022_171143.478|INFO|xobc_cmd task bgn|task_id=474|step_id=4433|cmd_id=4|
     0|20181022_171143.479|INFO|xobc_cmd task end|task_id=474|step_id=4433|cmd_id=4|
     0|20181022_171206.151|INFO|xobc_cmd task download|task_id=474|step_id=4434|trg_url=d:/des/xowa_x/wiki\www.wikidata.org\tmp\bldr\Xowa_wikidatawiki_2017-06_text_ns.120.zip\download.zip|trg_len=7477941|
     0|20181022_171206.151|INFO|xobc_cmd task end|task_id=474|step_id=4434|cmd_id=0|
     0|20181022_171206.193|INFO|xobc_cmd task end|task_id=474|step_id=4434|cmd_id=1|
     0|20181022_171206.357|INFO|xobc_cmd task end|task_id=474|step_id=4434|cmd_id=2|
     0|20181022_171206.377|INFO|xobc_cmd task bgn|task_id=474|step_id=4434|cmd_id=4|
     0|20181022_171206.378|INFO|xobc_cmd task end|task_id=474|step_id=4434|cmd_id=4|
     0|20181022_181505.170|INFO|xobc_cmd task download|task_id=474|step_id=4435|trg_url=d:/des/xowa_x/wiki\www.wikidata.org\tmp\bldr\Xowa_wikidatawiki_2017-06_text_ns.000_db.006.zip\download.zip|trg_len=1596375407|
     0|20181022_181505.170|INFO|xobc_cmd task end|task_id=474|step_id=4435|cmd_id=0|
     0|20181022_181509.972|INFO|xobc_cmd task end|task_id=474|step_id=4435|cmd_id=1|
     0|20181022_181545.008|INFO|xobc_cmd task end|task_id=474|step_id=4435|cmd_id=2|
     0|20181022_181545.040|INFO|xobc_cmd task bgn|task_id=474|step_id=4435|cmd_id=4|
     0|20181022_181545.041|INFO|xobc_cmd task end|task_id=474|step_id=4435|cmd_id=4|
     0|20181022_191721.408|INFO|xobc_cmd task download|task_id=474|step_id=4436|trg_url=d:/des/xowa_x/wiki\www.wikidata.org\tmp\bldr\Xowa_wikidatawiki_2017-06_text_ns.000_db.007.zip\download.zip|trg_len=1563247600|
     0|20181022_191721.408|INFO|xobc_cmd task end|task_id=474|step_id=4436|cmd_id=0|
     0|20181022_191726.116|INFO|xobc_cmd task end|task_id=474|step_id=4436|cmd_id=1|
     0|20181022_191801.191|INFO|xobc_cmd task end|task_id=474|step_id=4436|cmd_id=2|
     0|20181022_191801.215|INFO|xobc_cmd task bgn|task_id=474|step_id=4436|cmd_id=4|
     0|20181022_191801.216|INFO|xobc_cmd task end|task_id=474|step_id=4436|cmd_id=4|
     0|20181022_203019.928|INFO|xobc_cmd task download|task_id=474|step_id=4437|trg_url=d:/des/xowa_x/wiki\www.wikidata.org\tmp\bldr\Xowa_wikidatawiki_2017-06_text_ns.000_db.008.zip\download.zip|trg_len=1564434821|
     0|20181022_203019.928|INFO|xobc_cmd task end|task_id=474|step_id=4437|cmd_id=0|
     0|20181022_203024.729|INFO|xobc_cmd task end|task_id=474|step_id=4437|cmd_id=1|
     0|20181022_203059.712|INFO|xobc_cmd task end|task_id=474|step_id=4437|cmd_id=2|
     0|20181022_203059.742|INFO|xobc_cmd task bgn|task_id=474|step_id=4437|cmd_id=4|
     0|20181022_203059.744|INFO|xobc_cmd task end|task_id=474|step_id=4437|cmd_id=4|
     0|20181022_213043.707|INFO|xobc_cmd task download|task_id=474|step_id=4438|trg_url=d:/des/xowa_x/wiki\www.wikidata.org\tmp\bldr\Xowa_wikidatawiki_2017-06_text_ns.000_db.009.zip\download.zip|trg_len=1548325094|
     0|20181022_213043.707|INFO|xobc_cmd task end|task_id=474|step_id=4438|cmd_id=0|
     0|20181022_213048.377|INFO|xobc_cmd task end|task_id=474|step_id=4438|cmd_id=1|
     0|20181022_213123.368|INFO|xobc_cmd task end|task_id=474|step_id=4438|cmd_id=2|
     0|20181022_213123.392|INFO|xobc_cmd task bgn|task_id=474|step_id=4438|cmd_id=4|
     0|20181022_213123.410|INFO|xobc_cmd task end|task_id=474|step_id=4438|cmd_id=4|
     0|20181022_221205.880|INFO|xobc_cmd task download|task_id=474|step_id=4439|trg_url=d:/des/xowa_x/wiki\www.wikidata.org\tmp\bldr\Xowa_wikidatawiki_2017-06_text_ns.000_db.010.zip\download.zip|trg_len=1570706403|
     0|20181022_221205.880|INFO|xobc_cmd task end|task_id=474|step_id=4439|cmd_id=0|
     0|20181022_221210.620|INFO|xobc_cmd task end|task_id=474|step_id=4439|cmd_id=1|
     0|20181022_221245.349|INFO|xobc_cmd task end|task_id=474|step_id=4439|cmd_id=2|
     0|20181022_221245.374|INFO|xobc_cmd task bgn|task_id=474|step_id=4439|cmd_id=4|
     0|20181022_221245.375|INFO|xobc_cmd task end|task_id=474|step_id=4439|cmd_id=4|
     0|20181022_221247.980|INFO|xobc_cmd task download|task_id=474|step_id=4440|trg_url=d:/des/xowa_x/wiki\www.wikidata.org\tmp\bldr\Xowa_wikidatawiki_2017-06_text_ns.828.zip\download.zip|trg_len=789073|
     0|20181022_221247.980|INFO|xobc_cmd task end|task_id=474|step_id=4440|cmd_id=0|
     0|20181022_221248.014|INFO|xobc_cmd task end|task_id=474|step_id=4440|cmd_id=1|
     0|20181022_221248.057|INFO|xobc_cmd task end|task_id=474|step_id=4440|cmd_id=2|
     0|20181022_221248.089|INFO|xobc_cmd task bgn|task_id=474|step_id=4440|cmd_id=4|
     0|20181022_221248.090|INFO|xobc_cmd task end|task_id=474|step_id=4440|cmd_id=4|
     0|20181022_225351.651|INFO|xobc_cmd task download|task_id=474|step_id=4441|trg_url=d:/des/xowa_x/wiki\www.wikidata.org\tmp\bldr\Xowa_wikidatawiki_2017-06_text_ns.000_db.011.zip\download.zip|trg_len=1562007331|
     0|20181022_225351.651|INFO|xobc_cmd task end|task_id=474|step_id=4441|cmd_id=0|
     0|20181022_225356.381|INFO|xobc_cmd task end|task_id=474|step_id=4441|cmd_id=1|
     0|20181022_225431.269|INFO|xobc_cmd task end|task_id=474|step_id=4441|cmd_id=2|
     0|20181022_225431.295|INFO|xobc_cmd task bgn|task_id=474|step_id=4441|cmd_id=4|
     0|20181022_225431.296|INFO|xobc_cmd task end|task_id=474|step_id=4441|cmd_id=4|
     0|20181022_232555.520|INFO|xobc_cmd task download|task_id=474|step_id=4442|trg_url=d:/des/xowa_x/wiki\www.wikidata.org\tmp\bldr\Xowa_wikidatawiki_2017-06_text_ns.000_db.012.zip\download.zip|trg_len=1505176275|
     0|20181022_232555.520|INFO|xobc_cmd task end|task_id=474|step_id=4442|cmd_id=0|
     0|20181022_232600.064|INFO|xobc_cmd task end|task_id=474|step_id=4442|cmd_id=1|
     0|20181022_232633.400|INFO|xobc_cmd task end|task_id=474|step_id=4442|cmd_id=2|
     0|20181022_232633.419|INFO|xobc_cmd task bgn|task_id=474|step_id=4442|cmd_id=4|
     0|20181022_232633.420|INFO|xobc_cmd task end|task_id=474|step_id=4442|cmd_id=4|
     0|20181022_235626.801|INFO|xobc_cmd task download|task_id=474|step_id=4443|trg_url=d:/des/xowa_x/wiki\www.wikidata.org\tmp\bldr\Xowa_wikidatawiki_2017-06_text_ns.000_db.013.zip\download.zip|trg_len=1556900196|
     0|20181022_235626.801|INFO|xobc_cmd task end|task_id=474|step_id=4443|cmd_id=0|
     0|20181022_235631.514|INFO|xobc_cmd task end|task_id=474|step_id=4443|cmd_id=1|
     0|20181022_235706.699|INFO|xobc_cmd task end|task_id=474|step_id=4443|cmd_id=2|
     0|20181022_235706.723|INFO|xobc_cmd task bgn|task_id=474|step_id=4443|cmd_id=4|
     0|20181022_235706.725|INFO|xobc_cmd task end|task_id=474|step_id=4443|cmd_id=4|
     0|20181023_003821.999|INFO|xobc_cmd task download|task_id=474|step_id=4444|trg_url=d:/des/xowa_x/wiki\www.wikidata.org\tmp\bldr\Xowa_wikidatawiki_2017-06_text_ns.000_db.014.zip\download.zip|trg_len=1551924075|
     0|20181023_003821.999|INFO|xobc_cmd task end|task_id=474|step_id=4444|cmd_id=0|
     0|20181023_003826.684|INFO|xobc_cmd task end|task_id=474|step_id=4444|cmd_id=1|
     0|20181023_003901.467|INFO|xobc_cmd task end|task_id=474|step_id=4444|cmd_id=2|
     0|20181023_003901.492|INFO|xobc_cmd task bgn|task_id=474|step_id=4444|cmd_id=4|
     0|20181023_003901.493|INFO|xobc_cmd task end|task_id=474|step_id=4444|cmd_id=4|
     0|20181023_011225.691|INFO|xobc_cmd task download|task_id=474|step_id=4445|trg_url=d:/des/xowa_x/wiki\www.wikidata.org\tmp\bldr\Xowa_wikidatawiki_2017-06_text_ns.000_db.015.zip\download.zip|trg_len=1555242455|
     0|20181023_011225.691|INFO|xobc_cmd task end|task_id=474|step_id=4445|cmd_id=0|
     0|20181023_011230.374|INFO|xobc_cmd task end|task_id=474|step_id=4445|cmd_id=1|
     0|20181023_011304.951|INFO|xobc_cmd task end|task_id=474|step_id=4445|cmd_id=2|
     0|20181023_011304.975|INFO|xobc_cmd task bgn|task_id=474|step_id=4445|cmd_id=4|
     0|20181023_011304.977|INFO|xobc_cmd task end|task_id=474|step_id=4445|cmd_id=4|
     0|20181023_015048.941|INFO|xobc_cmd task download|task_id=474|step_id=4446|trg_url=d:/des/xowa_x/wiki\www.wikidata.org\tmp\bldr\Xowa_wikidatawiki_2017-06_text_ns.000_db.016.zip\download.zip|trg_len=1531110886|
     0|20181023_015048.941|INFO|xobc_cmd task end|task_id=474|step_id=4446|cmd_id=0|
     0|20181023_015053.574|INFO|xobc_cmd task end|task_id=474|step_id=4446|cmd_id=1|
     0|20181023_015128.723|INFO|xobc_cmd task end|task_id=474|step_id=4446|cmd_id=2|
     0|20181023_015128.748|INFO|xobc_cmd task bgn|task_id=474|step_id=4446|cmd_id=4|
     0|20181023_015128.749|INFO|xobc_cmd task end|task_id=474|step_id=4446|cmd_id=4|
     0|20181023_015130.417|INFO|xobc_cmd task download|task_id=474|step_id=4447|trg_url=d:/des/xowa_x/wiki\www.wikidata.org\tmp\bldr\Xowa_wikidatawiki_2017-06_text_ns.2600.zip\download.zip|trg_len=236216|
     0|20181023_015130.417|INFO|xobc_cmd task end|task_id=474|step_id=4447|cmd_id=0|
     0|20181023_015130.503|INFO|xobc_cmd task bgn|task_id=474|step_id=4447|cmd_id=2|
     0|20181023_015130.514|INFO|xobc_cmd task end|task_id=474|step_id=4447|cmd_id=2|
     0|20181023_015130.543|INFO|xobc_cmd task bgn|task_id=474|step_id=4447|cmd_id=4|
     0|20181023_015130.545|INFO|xobc_cmd task end|task_id=474|step_id=4447|cmd_id=4|
     0|20181023_022225.520|INFO|xobc_cmd task download|task_id=474|step_id=4448|trg_url=d:/des/xowa_x/wiki\www.wikidata.org\tmp\bldr\Xowa_wikidatawiki_2017-06_text_ns.000_db.017.zip\download.zip|trg_len=1552866269|
     0|20181023_022225.520|INFO|xobc_cmd task end|task_id=474|step_id=4448|cmd_id=0|
     0|20181023_022230.198|INFO|xobc_cmd task end|task_id=474|step_id=4448|cmd_id=1|
     0|20181023_022305.112|INFO|xobc_cmd task end|task_id=474|step_id=4448|cmd_id=2|
     0|20181023_022305.136|INFO|xobc_cmd task bgn|task_id=474|step_id=4448|cmd_id=4|
     0|20181023_022305.137|INFO|xobc_cmd task end|task_id=474|step_id=4448|cmd_id=4|
     0|20181023_025735.727|INFO|xobc_cmd task download|task_id=474|step_id=4449|trg_url=d:/des/xowa_x/wiki\www.wikidata.org\tmp\bldr\Xowa_wikidatawiki_2017-06_text_ns.000_db.018.zip\download.zip|trg_len=1535635725|
     0|20181023_025735.727|INFO|xobc_cmd task end|task_id=474|step_id=4449|cmd_id=0|
     0|20181023_025740.382|INFO|xobc_cmd task end|task_id=474|step_id=4449|cmd_id=1|
     0|20181023_025815.827|INFO|xobc_cmd task end|task_id=474|step_id=4449|cmd_id=2|
     0|20181023_025815.870|INFO|xobc_cmd task bgn|task_id=474|step_id=4449|cmd_id=4|
     0|20181023_025815.871|INFO|xobc_cmd task end|task_id=474|step_id=4449|cmd_id=4|
     0|20181023_032605.942|INFO|xobc_cmd task download|task_id=474|step_id=4450|trg_url=d:/des/xowa_x/wiki\www.wikidata.org\tmp\bldr\Xowa_wikidatawiki_2017-06_text_ns.000_db.019.zip\download.zip|trg_len=1520678063|
     0|20181023_032605.942|INFO|xobc_cmd task end|task_id=474|step_id=4450|cmd_id=0|
     0|20181023_032610.518|INFO|xobc_cmd task end|task_id=474|step_id=4450|cmd_id=1|
     0|20181023_032645.276|INFO|xobc_cmd task end|task_id=474|step_id=4450|cmd_id=2|
     0|20181023_032645.334|INFO|xobc_cmd task bgn|task_id=474|step_id=4450|cmd_id=4|
     0|20181023_032645.336|INFO|xobc_cmd task end|task_id=474|step_id=4450|cmd_id=4|
     0|20181023_040009.586|INFO|xobc_cmd task download|task_id=474|step_id=4451|trg_url=d:/des/xowa_x/wiki\www.wikidata.org\tmp\bldr\Xowa_wikidatawiki_2017-06_text_ns.000_db.020.zip\download.zip|trg_len=1412044250|
     0|20181023_040009.586|INFO|xobc_cmd task end|task_id=474|step_id=4451|cmd_id=0|
     0|20181023_040013.849|INFO|xobc_cmd task end|task_id=474|step_id=4451|cmd_id=1|
     0|20181023_040049.015|INFO|xobc_cmd task end|task_id=474|step_id=4451|cmd_id=2|
     0|20181023_040049.030|INFO|xobc_cmd task bgn|task_id=474|step_id=4451|cmd_id=3|
     0|20181023_040049.030|INFO|xobc_cmd task end|task_id=474|step_id=4451|cmd_id=3|
     0|20181023_040049.045|INFO|xobc_cmd task end|task_id=474|step_id=4451|cmd_id=4|
     0|20181023_044135.840|INFO|xobc_cmd task download|task_id=474|step_id=4452|trg_url=d:/des/xowa_x/wiki\www.wikidata.org\tmp\bldr\Xowa_wikidatawiki_2017-06_text_ns.000_db.021.zip\download.zip|trg_len=1567843636|
     0|20181023_044135.840|INFO|xobc_cmd task end|task_id=474|step_id=4452|cmd_id=0|
     0|20181023_044140.565|INFO|xobc_cmd task end|task_id=474|step_id=4452|cmd_id=1|
     0|20181023_044215.707|INFO|xobc_cmd task end|task_id=474|step_id=4452|cmd_id=2|
     0|20181023_044215.725|INFO|xobc_cmd task bgn|task_id=474|step_id=4452|cmd_id=4|
     0|20181023_044215.726|INFO|xobc_cmd task end|task_id=474|step_id=4452|cmd_id=4|
     0|20181023_051936.372|INFO|xobc_cmd task download|task_id=474|step_id=4453|trg_url=d:/des/xowa_x/wiki\www.wikidata.org\tmp\bldr\Xowa_wikidatawiki_2017-06_text_ns.000_db.022.zip\download.zip|trg_len=1553653755|
     0|20181023_051936.372|INFO|xobc_cmd task end|task_id=474|step_id=4453|cmd_id=0|
     0|20181023_051941.108|INFO|xobc_cmd task end|task_id=474|step_id=4453|cmd_id=1|
     0|20181023_052015.943|INFO|xobc_cmd task end|task_id=474|step_id=4453|cmd_id=2|
     0|20181023_052015.970|INFO|xobc_cmd task bgn|task_id=474|step_id=4453|cmd_id=4|
     0|20181023_052015.971|INFO|xobc_cmd task end|task_id=474|step_id=4453|cmd_id=4|
     0|20181023_053908.302|INFO|xobc_cmd task download|task_id=474|step_id=4454|trg_url=d:/des/xowa_x/wiki\www.wikidata.org\tmp\bldr\Xowa_wikidatawiki_2017-06_text_ns.000_db.023.zip\download.zip|trg_len=1150475709|
     0|20181023_053908.302|INFO|xobc_cmd task end|task_id=474|step_id=4454|cmd_id=0|
     0|20181023_053911.769|INFO|xobc_cmd task end|task_id=474|step_id=4454|cmd_id=1|
     0|20181023_053937.750|INFO|xobc_cmd task end|task_id=474|step_id=4454|cmd_id=2|
     0|20181023_053937.773|INFO|xobc_cmd task bgn|task_id=474|step_id=4454|cmd_id=4|
     0|20181023_053937.774|INFO|xobc_cmd task end|task_id=474|step_id=4454|cmd_id=4|
     0|20181023_062123.755|INFO|xobc_cmd task download|task_id=474|step_id=4422|trg_url=d:/des/xowa_x/wiki\www.wikidata.org\tmp\bldr\Xowa_wikidatawiki_2017-06_core.wbase.zip\download.zip|trg_len=1817738723|
     0|20181023_062123.755|INFO|xobc_cmd task end|task_id=474|step_id=4422|cmd_id=0|
     0|20181023_062129.281|INFO|xobc_cmd task end|task_id=474|step_id=4422|cmd_id=1|
     0|20181023_062231.197|INFO|xobc_cmd task end|task_id=474|step_id=4422|cmd_id=2|
     0|20181023_062231.222|INFO|xobc_cmd task bgn|task_id=474|step_id=4422|cmd_id=4|
     0|20181023_062231.223|INFO|xobc_cmd task end|task_id=474|step_id=4422|cmd_id=4|
     0|20181023_062231.390|INFO|task_mgr.transfer.bgn|task_uid=474|src=work|trg=done|
     0|20181023_062438.245|INFO|xobc_cmd task download|task_id=532|step_id=5172|trg_url=d:/des/xowa_x/wiki\commons.wikimedia.org\tmp\bldr\Xowa_commonswiki_2017-09_text_ns.000.zip\download.zip|trg_len=90939074|
     0|20181023_062438.245|INFO|xobc_cmd task end|task_id=532|step_id=5172|cmd_id=0|
     0|20181023_062438.541|INFO|xobc_cmd task end|task_id=532|step_id=5172|cmd_id=1|
     0|20181023_062440.465|INFO|xobc_cmd task end|task_id=532|step_id=5172|cmd_id=2|
     0|20181023_062440.481|INFO|xobc_cmd task bgn|task_id=532|step_id=5172|cmd_id=4|
     0|20181023_062440.482|INFO|xobc_cmd task end|task_id=532|step_id=5172|cmd_id=4|
     0|20181023_063954.315|INFO|xobc_cmd task download|task_id=532|step_id=5173|trg_url=d:/des/xowa_x/wiki\commons.wikimedia.org\tmp\bldr\Xowa_commonswiki_2017-09_text_ns.004.zip\download.zip|trg_len=568470802|
     0|20181023_063954.315|INFO|xobc_cmd task end|task_id=532|step_id=5173|cmd_id=0|
     0|20181023_063956.055|INFO|xobc_cmd task end|task_id=532|step_id=5173|cmd_id=1|
     0|20181023_064008.278|INFO|xobc_cmd task end|task_id=532|step_id=5173|cmd_id=2|
     0|20181023_064008.302|INFO|xobc_cmd task bgn|task_id=532|step_id=5173|cmd_id=4|
     0|20181023_064008.304|INFO|xobc_cmd task end|task_id=532|step_id=5173|cmd_id=4|
     0|20181023_064056.649|INFO|xobc_cmd task download|task_id=532|step_id=5174|trg_url=d:/des/xowa_x/wiki\commons.wikimedia.org\tmp\bldr\Xowa_commonswiki_2017-09_text_ns.010.zip\download.zip|trg_len=54692552|
     0|20181023_064056.649|INFO|xobc_cmd task end|task_id=532|step_id=5174|cmd_id=0|
     0|20181023_064056.827|INFO|xobc_cmd task end|task_id=532|step_id=5174|cmd_id=1|
     0|20181023_064058.010|INFO|xobc_cmd task end|task_id=532|step_id=5174|cmd_id=2|
     0|20181023_064058.025|INFO|xobc_cmd task bgn|task_id=532|step_id=5174|cmd_id=4|
     0|20181023_064058.026|INFO|xobc_cmd task end|task_id=532|step_id=5174|cmd_id=4|
     0|20181023_070721.059|INFO|xobc_cmd task download|task_id=532|step_id=5175|trg_url=d:/des/xowa_x/wiki\commons.wikimedia.org\tmp\bldr\Xowa_commonswiki_2017-09_text_ns.006.zip\download.zip|trg_len=1578228623|
     0|20181023_070721.059|INFO|xobc_cmd task end|task_id=532|step_id=5175|cmd_id=0|
     0|20181023_070725.830|INFO|xobc_cmd task end|task_id=532|step_id=5175|cmd_id=1|
     0|20181023_070802.648|INFO|xobc_cmd task end|task_id=532|step_id=5175|cmd_id=2|
     0|20181023_070802.722|INFO|xobc_cmd task bgn|task_id=532|step_id=5175|cmd_id=4|
     0|20181023_070802.724|INFO|xobc_cmd task end|task_id=532|step_id=5175|cmd_id=4|
     0|20181023_072433.305|INFO|xobc_cmd task download|task_id=532|step_id=5176|trg_url=d:/des/xowa_x/wiki\commons.wikimedia.org\tmp\bldr\Xowa_commonswiki_2017-09_text_ns.014.zip\download.zip|trg_len=906293826|
     0|20181023_072433.305|INFO|xobc_cmd task end|task_id=532|step_id=5176|cmd_id=0|
     0|20181023_072436.060|INFO|xobc_cmd task end|task_id=532|step_id=5176|cmd_id=1|
     0|20181023_072458.544|INFO|xobc_cmd task end|task_id=532|step_id=5176|cmd_id=2|
     0|20181023_072458.568|INFO|xobc_cmd task bgn|task_id=532|step_id=5176|cmd_id=4|
     0|20181023_072458.570|INFO|xobc_cmd task end|task_id=532|step_id=5176|cmd_id=4|
     0|20181023_072500.930|INFO|xobc_cmd task download|task_id=532|step_id=5177|trg_url=d:/des/xowa_x/wiki\commons.wikimedia.org\tmp\bldr\Xowa_commonswiki_2017-09_text_ns.012.zip\download.zip|trg_len=1086339|
     0|20181023_072500.930|INFO|xobc_cmd task end|task_id=532|step_id=5177|cmd_id=0|
     0|20181023_072500.942|INFO|xobc_cmd task end|task_id=532|step_id=5177|cmd_id=1|
     0|20181023_072501.011|INFO|xobc_cmd task end|task_id=532|step_id=5177|cmd_id=2|
     0|20181023_072501.027|INFO|xobc_cmd task bgn|task_id=532|step_id=5177|cmd_id=4|
     0|20181023_072501.029|INFO|xobc_cmd task end|task_id=532|step_id=5177|cmd_id=4|
     0|20181023_072507.404|INFO|xobc_cmd task download|task_id=532|step_id=5178|trg_url=d:/des/xowa_x/wiki\commons.wikimedia.org\tmp\bldr\Xowa_commonswiki_2017-09_text_ns.008.zip\download.zip|trg_len=3935249|
     0|20181023_072507.404|INFO|xobc_cmd task end|task_id=532|step_id=5178|cmd_id=0|
     0|20181023_072507.435|INFO|xobc_cmd task bgn|task_id=532|step_id=5178|cmd_id=2|
     0|20181023_072507.520|INFO|xobc_cmd task end|task_id=532|step_id=5178|cmd_id=2|
     0|20181023_072507.551|INFO|xobc_cmd task bgn|task_id=532|step_id=5178|cmd_id=4|
     0|20181023_072507.552|INFO|xobc_cmd task end|task_id=532|step_id=5178|cmd_id=4|
     0|20181023_072516.485|INFO|xobc_cmd task download|task_id=532|step_id=5179|trg_url=d:/des/xowa_x/wiki\commons.wikimedia.org\tmp\bldr\Xowa_commonswiki_2017-09_text_ns.100.zip\download.zip|trg_len=7293895|
     0|20181023_072516.485|INFO|xobc_cmd task end|task_id=532|step_id=5179|cmd_id=0|
     0|20181023_072516.522|INFO|xobc_cmd task end|task_id=532|step_id=5179|cmd_id=1|
     0|20181023_072516.696|INFO|xobc_cmd task end|task_id=532|step_id=5179|cmd_id=2|
     0|20181023_072516.715|INFO|xobc_cmd task bgn|task_id=532|step_id=5179|cmd_id=4|
     0|20181023_072516.716|INFO|xobc_cmd task end|task_id=532|step_id=5179|cmd_id=4|
     0|20181023_080844.550|INFO|xobc_cmd task download|task_id=532|step_id=5180|trg_url=d:/des/xowa_x/wiki\commons.wikimedia.org\tmp\bldr\Xowa_commonswiki_2017-09_text_ns.006_db.002.zip\download.zip|trg_len=1585245856|
     0|20181023_080844.550|INFO|xobc_cmd task end|task_id=532|step_id=5180|cmd_id=0|
     0|20181023_080849.415|INFO|xobc_cmd task end|task_id=532|step_id=5180|cmd_id=1|
     0|20181023_080926.794|INFO|xobc_cmd task end|task_id=532|step_id=5180|cmd_id=2|
     0|20181023_080926.865|INFO|xobc_cmd task bgn|task_id=532|step_id=5180|cmd_id=4|
     0|20181023_080926.997|INFO|xobc_cmd task end|task_id=532|step_id=5180|cmd_id=4|
     0|20181023_081036.780|INFO|xobc_cmd task download|task_id=532|step_id=5181|trg_url=d:/des/xowa_x/wiki\commons.wikimedia.org\tmp\bldr\Xowa_commonswiki_2017-09_text_ns.102.zip\download.zip|trg_len=38211418|
     0|20181023_081036.780|INFO|xobc_cmd task end|task_id=532|step_id=5181|cmd_id=0|
     0|20181023_081036.939|INFO|xobc_cmd task end|task_id=532|step_id=5181|cmd_id=1|
     0|20181023_081037.747|INFO|xobc_cmd task end|task_id=532|step_id=5181|cmd_id=2|
     0|20181023_081037.763|INFO|xobc_cmd task bgn|task_id=532|step_id=5181|cmd_id=4|
     0|20181023_081037.764|INFO|xobc_cmd task end|task_id=532|step_id=5181|cmd_id=4|
     0|20181023_081038.712|INFO|xobc_cmd task download|task_id=532|step_id=5182|trg_url=d:/des/xowa_x/wiki\commons.wikimedia.org\tmp\bldr\Xowa_commonswiki_2017-09_text_ns.104.zip\download.zip|trg_len=25163|
     0|20181023_081038.712|INFO|xobc_cmd task end|task_id=532|step_id=5182|cmd_id=0|
     0|20181023_081038.761|INFO|xobc_cmd task bgn|task_id=532|step_id=5182|cmd_id=2|
     0|20181023_081038.764|INFO|xobc_cmd task end|task_id=532|step_id=5182|cmd_id=2|
     0|20181023_081038.792|INFO|xobc_cmd task bgn|task_id=532|step_id=5182|cmd_id=4|
     0|20181023_081038.793|INFO|xobc_cmd task end|task_id=532|step_id=5182|cmd_id=4|
     0|20181023_081042.812|INFO|xobc_cmd task download|task_id=532|step_id=5183|trg_url=d:/des/xowa_x/wiki\commons.wikimedia.org\tmp\bldr\Xowa_commonswiki_2017-09_text_ns.106.zip\download.zip|trg_len=2063011|
     0|20181023_081042.812|INFO|xobc_cmd task end|task_id=532|step_id=5183|cmd_id=0|
     0|20181023_081042.847|INFO|xobc_cmd task end|task_id=532|step_id=5183|cmd_id=1|
     0|20181023_081042.906|INFO|xobc_cmd task end|task_id=532|step_id=5183|cmd_id=2|
     0|20181023_081042.921|INFO|xobc_cmd task bgn|task_id=532|step_id=5183|cmd_id=4|
     0|20181023_081042.922|INFO|xobc_cmd task end|task_id=532|step_id=5183|cmd_id=4|
     0|20181023_084333.043|INFO|xobc_cmd task download|task_id=532|step_id=5184|trg_url=d:/des/xowa_x/wiki\commons.wikimedia.org\tmp\bldr\Xowa_commonswiki_2017-09_text_ns.006_db.003.zip\download.zip|trg_len=1593203166|
     0|20181023_084333.043|INFO|xobc_cmd task end|task_id=532|step_id=5184|cmd_id=0|
     0|20181023_084337.905|INFO|xobc_cmd task end|task_id=532|step_id=5184|cmd_id=1|
     0|20181023_084415.359|INFO|xobc_cmd task end|task_id=532|step_id=5184|cmd_id=2|
     0|20181023_084415.395|INFO|xobc_cmd task bgn|task_id=532|step_id=5184|cmd_id=4|
     0|20181023_084415.397|INFO|xobc_cmd task end|task_id=532|step_id=5184|cmd_id=4|
     0|20181023_091351.053|INFO|xobc_cmd task download|task_id=532|step_id=5185|trg_url=d:/des/xowa_x/wiki\commons.wikimedia.org\tmp\bldr\Xowa_commonswiki_2017-09_text_ns.006_db.004.zip\download.zip|trg_len=1513234629|
     0|20181023_091351.053|INFO|xobc_cmd task end|task_id=532|step_id=5185|cmd_id=0|
     0|20181023_091355.644|INFO|xobc_cmd task end|task_id=532|step_id=5185|cmd_id=1|
     0|20181023_091434.354|INFO|xobc_cmd task end|task_id=532|step_id=5185|cmd_id=2|
     0|20181023_091434.380|INFO|xobc_cmd task bgn|task_id=532|step_id=5185|cmd_id=4|
     0|20181023_091434.381|INFO|xobc_cmd task end|task_id=532|step_id=5185|cmd_id=4|
     0|20181023_091437.258|INFO|xobc_cmd task download|task_id=532|step_id=5186|trg_url=d:/des/xowa_x/wiki\commons.wikimedia.org\tmp\bldr\Xowa_commonswiki_2017-09_text_ns.828.zip\download.zip|trg_len=1265577|
     0|20181023_091437.258|INFO|xobc_cmd task end|task_id=532|step_id=5186|cmd_id=0|
     0|20181023_091437.292|INFO|xobc_cmd task end|task_id=532|step_id=5186|cmd_id=1|
     0|20181023_091437.344|INFO|xobc_cmd task end|task_id=532|step_id=5186|cmd_id=2|
     0|20181023_091437.461|INFO|xobc_cmd task bgn|task_id=532|step_id=5186|cmd_id=4|
     0|20181023_091437.464|INFO|xobc_cmd task end|task_id=532|step_id=5186|cmd_id=4|
     0|20181023_094223.446|INFO|xobc_cmd task download|task_id=532|step_id=5187|trg_url=d:/des/xowa_x/wiki\commons.wikimedia.org\tmp\bldr\Xowa_commonswiki_2017-09_text_ns.006_db.005.zip\download.zip|trg_len=1440068989|
     0|20181023_094223.446|INFO|xobc_cmd task end|task_id=532|step_id=5187|cmd_id=0|
     0|20181023_094227.812|INFO|xobc_cmd task end|task_id=532|step_id=5187|cmd_id=1|
     0|20181023_094302.202|INFO|xobc_cmd task end|task_id=532|step_id=5187|cmd_id=2|
     0|20181023_094302.226|INFO|xobc_cmd task bgn|task_id=532|step_id=5187|cmd_id=4|
     0|20181023_094302.228|INFO|xobc_cmd task end|task_id=532|step_id=5187|cmd_id=4|
     0|20181023_094316.257|INFO|xobc_cmd task download|task_id=532|step_id=5188|trg_url=d:/des/xowa_x/wiki\commons.wikimedia.org\tmp\bldr\Xowa_commonswiki_2017-09_text_ns.1198.zip\download.zip|trg_len=14659524|
     0|20181023_094316.257|INFO|xobc_cmd task end|task_id=532|step_id=5188|cmd_id=0|
     0|20181023_094316.316|INFO|xobc_cmd task end|task_id=532|step_id=5188|cmd_id=1|
     0|20181023_094316.666|INFO|xobc_cmd task end|task_id=532|step_id=5188|cmd_id=2|
     0|20181023_094316.686|INFO|xobc_cmd task bgn|task_id=532|step_id=5188|cmd_id=4|
     0|20181023_094316.687|INFO|xobc_cmd task end|task_id=532|step_id=5188|cmd_id=4|
     0|20181023_094317.970|INFO|xobc_cmd task download|task_id=532|step_id=5189|trg_url=d:/des/xowa_x/wiki\commons.wikimedia.org\tmp\bldr\Xowa_commonswiki_2017-09_text_ns.460.zip\download.zip|trg_len=169400|
     0|20181023_094317.970|INFO|xobc_cmd task end|task_id=532|step_id=5189|cmd_id=0|
     0|20181023_094318.004|INFO|xobc_cmd task bgn|task_id=532|step_id=5189|cmd_id=2|
     0|20181023_094318.011|INFO|xobc_cmd task end|task_id=532|step_id=5189|cmd_id=2|
     0|20181023_094318.048|INFO|xobc_cmd task bgn|task_id=532|step_id=5189|cmd_id=4|
     0|20181023_094318.049|INFO|xobc_cmd task end|task_id=532|step_id=5189|cmd_id=4|
     0|20181023_094318.649|INFO|xobc_cmd task download|task_id=532|step_id=5190|trg_url=d:/des/xowa_x/wiki\commons.wikimedia.org\tmp\bldr\Xowa_commonswiki_2017-09_text_ns.490.zip\download.zip|trg_len=51285|
     0|20181023_094318.649|INFO|xobc_cmd task end|task_id=532|step_id=5190|cmd_id=0|
     0|20181023_094318.707|INFO|xobc_cmd task bgn|task_id=532|step_id=5190|cmd_id=2|
     0|20181023_094318.712|INFO|xobc_cmd task end|task_id=532|step_id=5190|cmd_id=2|
     0|20181023_094318.742|INFO|xobc_cmd task bgn|task_id=532|step_id=5190|cmd_id=4|
     0|20181023_094318.743|INFO|xobc_cmd task end|task_id=532|step_id=5190|cmd_id=4|
     0|20181023_100758.470|INFO|xobc_cmd task download|task_id=532|step_id=5191|trg_url=d:/des/xowa_x/wiki\commons.wikimedia.org\tmp\bldr\Xowa_commonswiki_2017-09_text_ns.006_db.006.zip\download.zip|trg_len=1510648410|
     0|20181023_100758.471|INFO|xobc_cmd task end|task_id=532|step_id=5191|cmd_id=0|
     0|20181023_100803.032|INFO|xobc_cmd task end|task_id=532|step_id=5191|cmd_id=1|
     0|20181023_100838.629|INFO|xobc_cmd task end|task_id=532|step_id=5191|cmd_id=2|
     0|20181023_100838.647|INFO|xobc_cmd task bgn|task_id=532|step_id=5191|cmd_id=4|
     0|20181023_100838.649|INFO|xobc_cmd task end|task_id=532|step_id=5191|cmd_id=4|
     0|20181023_100839.699|INFO|xobc_cmd task download|task_id=532|step_id=5192|trg_url=d:/des/xowa_x/wiki\commons.wikimedia.org\tmp\bldr\Xowa_commonswiki_2017-09_text_ns.003.zip\download.zip|trg_len=2859|
     0|20181023_100839.699|INFO|xobc_cmd task end|task_id=532|step_id=5192|cmd_id=0|
     0|20181023_100839.762|INFO|xobc_cmd task bgn|task_id=532|step_id=5192|cmd_id=2|
     0|20181023_100839.768|INFO|xobc_cmd task end|task_id=532|step_id=5192|cmd_id=2|
     0|20181023_100839.799|INFO|xobc_cmd task bgn|task_id=532|step_id=5192|cmd_id=4|
     0|20181023_100839.800|INFO|xobc_cmd task end|task_id=532|step_id=5192|cmd_id=4|
     0|20181023_103744.683|INFO|xobc_cmd task download|task_id=532|step_id=5193|trg_url=d:/des/xowa_x/wiki\commons.wikimedia.org\tmp\bldr\Xowa_commonswiki_2017-09_text_ns.006_db.007.zip\download.zip|trg_len=1463340473|
     0|20181023_103744.683|INFO|xobc_cmd task end|task_id=532|step_id=5193|cmd_id=0|
     0|20181023_103749.122|INFO|xobc_cmd task end|task_id=532|step_id=5193|cmd_id=1|
     0|20181023_103823.948|INFO|xobc_cmd task end|task_id=532|step_id=5193|cmd_id=2|
     0|20181023_103824.016|INFO|xobc_cmd task bgn|task_id=532|step_id=5193|cmd_id=4|
     0|20181023_103824.018|INFO|xobc_cmd task end|task_id=532|step_id=5193|cmd_id=4|
     0|20181023_110726.619|INFO|xobc_cmd task download|task_id=532|step_id=5194|trg_url=d:/des/xowa_x/wiki\commons.wikimedia.org\tmp\bldr\Xowa_commonswiki_2017-09_text_ns.006_db.008.zip\download.zip|trg_len=1551789240|
     0|20181023_110726.619|INFO|xobc_cmd task end|task_id=532|step_id=5194|cmd_id=0|
     0|20181023_110731.313|INFO|xobc_cmd task end|task_id=532|step_id=5194|cmd_id=1|
     0|20181023_110807.456|INFO|xobc_cmd task end|task_id=532|step_id=5194|cmd_id=2|
     0|20181023_110807.482|INFO|xobc_cmd task bgn|task_id=532|step_id=5194|cmd_id=4|
     0|20181023_110807.483|INFO|xobc_cmd task end|task_id=532|step_id=5194|cmd_id=4|
     0|20181023_110808.714|INFO|xobc_cmd task download|task_id=532|step_id=5195|trg_url=d:/des/xowa_x/wiki\commons.wikimedia.org\tmp\bldr\Xowa_commonswiki_2017-09_text_ns.2600.zip\download.zip|trg_len=2336|
     0|20181023_110808.714|INFO|xobc_cmd task end|task_id=532|step_id=5195|cmd_id=0|
     0|20181023_110808.777|INFO|xobc_cmd task bgn|task_id=532|step_id=5195|cmd_id=2|
     0|20181023_110808.781|INFO|xobc_cmd task end|task_id=532|step_id=5195|cmd_id=2|
     0|20181023_110808.819|INFO|xobc_cmd task bgn|task_id=532|step_id=5195|cmd_id=4|
     0|20181023_110808.821|INFO|xobc_cmd task end|task_id=532|step_id=5195|cmd_id=4|
     0|20181023_113418.717|INFO|xobc_cmd task download|task_id=532|step_id=5196|trg_url=d:/des/xowa_x/wiki\commons.wikimedia.org\tmp\bldr\Xowa_commonswiki_2017-09_text_ns.006_db.009.zip\download.zip|trg_len=1372211128|
     0|20181023_113418.717|INFO|xobc_cmd task end|task_id=532|step_id=5196|cmd_id=0|
     0|20181023_113422.870|INFO|xobc_cmd task end|task_id=532|step_id=5196|cmd_id=1|
     0|20181023_113455.772|INFO|xobc_cmd task end|task_id=532|step_id=5196|cmd_id=2|
     0|20181023_113455.797|INFO|xobc_cmd task bgn|task_id=532|step_id=5196|cmd_id=4|
     0|20181023_113455.798|INFO|xobc_cmd task end|task_id=532|step_id=5196|cmd_id=4|
     0|20181023_120511.968|INFO|xobc_cmd task download|task_id=532|step_id=5197|trg_url=d:/des/xowa_x/wiki\commons.wikimedia.org\tmp\bldr\Xowa_commonswiki_2017-09_text_ns.006_db.010.zip\download.zip|trg_len=1485856175|
     0|20181023_120511.968|INFO|xobc_cmd task end|task_id=532|step_id=5197|cmd_id=0|
     0|20181023_120516.474|INFO|xobc_cmd task end|task_id=532|step_id=5197|cmd_id=1|
     0|20181023_120551.745|INFO|xobc_cmd task end|task_id=532|step_id=5197|cmd_id=2|
     0|20181023_120551.793|INFO|xobc_cmd task bgn|task_id=532|step_id=5197|cmd_id=4|
     0|20181023_120551.957|INFO|xobc_cmd task end|task_id=532|step_id=5197|cmd_id=4|
     0|20181023_123550.688|INFO|xobc_cmd task download|task_id=532|step_id=5198|trg_url=d:/des/xowa_x/wiki\commons.wikimedia.org\tmp\bldr\Xowa_commonswiki_2017-09_text_ns.006_db.011.zip\download.zip|trg_len=-1|
     0|20181023_123550.689|INFO|xobc_cmd task end|task_id=532|step_id=5198|cmd_id=0|
